[36mvite v5.4.21 [32mbuilding for production...[36m[39m
transforming...
[32mΓ£ô[39m 17 modules transformed.
x Build failed in 125ms
error during build:
[vite:esbuild] Transform failed with 1 error:
C:/Users/haffi/Downloads/RyD/portal-inmobiliario/frontend/src/layouts/AppLayout.jsx:40:17: ERROR: The symbol "AccountTreeIcon" has already been declared
file: C:/Users/haffi/Downloads/RyD/portal-inmobiliario/frontend/src/layouts/AppLayout.jsx:40:17

The symbol "AccountTreeIcon" has already been declared
38 |    Article as ArticleIcon,
39 |    AccountTree as AccountTreeIcon,
40 |    AccountTree as AccountTreeIcon,
   |                   ^
41 |    KeyboardArrowDown as KeyboardArrowDownIcon,
42 |    KeyboardArrowRight as KeyboardArrowRightIcon,

    at failureErrorWithLog (C:\Users\haffi\Downloads\RyD\portal-inmobiliario\frontend\node_modules\esbuild\lib\main.js:1472:15)
    at C:\Users\haffi\Downloads\RyD\portal-inmobiliario\frontend\node_modules\esbuild\lib\main.js:755:50
    at responseCallbacks.<computed> (C:\Users\haffi\Downloads\RyD\portal-inmobiliario\frontend\node_modules\esbuild\lib\main.js:622:9)
    at handleIncomingPacket (C:\Users\haffi\Downloads\RyD\portal-inmobiliario\frontend\node_modules\esbuild\lib\main.js:677:12)
    at Socket.readFromStdout (C:\Users\haffi\Downloads\RyD\portal-inmobiliario\frontend\node_modules\esbuild\lib\main.js:600:7)
    at Socket.emit (node:events:518:28)
    at addChunk (node:internal/streams/readable:561:12)
    at readableAddChunkPushByteMode (node:internal/streams/readable:512:3)
    at Readable.push (node:internal/streams/readable:392:5)
    at Pipe.onStreamRead (node:internal/stream_base_commons:189:23)
